# JRE version: OpenJDK Runtime Environment Temurin-17.0.6+10 (17.0.6+10) (build 17.0.6+10)
# Java VM: OpenJDK 64-Bit Server VM Temurin-17.0.6+10 (17.0.6+10, mixed mode, sharing, tiered, compressed oops, compressed class ptrs, g1 gc, windows-amd64)
GC Precious Log:
 CPUs: 16 total, 16 available
 Memory: 16093M
 Large Page Support: Disabled
 NUMA Support: Disabled
 Compressed Oops: Enabled (32-bit)
 Heap Region Size: 1M
 Heap Min Capacity: 256M
 Heap Initial Capacity: 256M
 Heap Max Capacity: 512M
 Pre-touch: Disabled
 Parallel Workers: 13
 Concurrent Workers: 3
 Concurrent Refinement Workers: 13
 Periodic GC: Disabled
Heap:
 garbage-first heap   total 304128K, used 194802K [0x00000000e0000000, 0x0000000100000000)
  region size 1024K, 59 young (60416K), 12 survivors (12288K)
 Metaspace       used 82764K, committed 83456K, reserved 389120K
  class space    used 10775K, committed 11136K, reserved 315392K
GC Heap History (20 events):
Event: 2399.629 GC heap before
{Heap before GC invocations=44 (full 0):
 garbage-first heap   total 304128K, used 152519K [0x00000000e0000000, 0x0000000100000000)
  region size 1024K, 14 young (14336K), 2 survivors (2048K)
 Metaspace       used 77236K, committed 78848K, reserved 389120K
  class space    used 10118K, committed 10688K, reserved 315392K
}
Event: 2399.643 GC heap after
{Heap after GC invocations=45 (full 0):
 garbage-first heap   total 304128K, used 120256K [0x00000000e0000000, 0x0000000100000000)
  region size 1024K, 1 young (1024K), 1 survivors (1024K)
 Metaspace       used 77236K, committed 78848K, reserved 389120K
  class space    used 10118K, committed 10688K, reserved 315392K
}
Event: 2399.694 GC heap before
{Heap before GC invocations=45 (full 0):
 garbage-first heap   total 304128K, used 133568K [0x00000000e0000000, 0x0000000100000000)
  region size 1024K, 14 young (14336K), 1 survivors (1024K)
 Metaspace       used 77290K, committed 78848K, reserved 389120K
  class space    used 10118K, committed 10688K, reserved 315392K
}
Event: 2399.698 GC heap after
{Heap after GC invocations=46 (full 0):
 garbage-first heap   total 304128K, used 119827K [0x00000000e0000000, 0x0000000100000000)
  region size 1024K, 2 young (2048K), 2 survivors (2048K)
 Metaspace       used 77290K, committed 78848K, reserved 389120K
  class space    used 10118K, committed 10688K, reserved 315392K
}
Event: 2399.984 GC heap before
{Heap before GC invocations=46 (full 0):
 garbage-first heap   total 304128K, used 239635K [0x00000000e0000000, 0x0000000100000000)
  region size 1024K, 119 young (121856K), 2 survivors (2048K)
 Metaspace       used 77522K, committed 78848K, reserved 389120K
  class space    used 10141K, committed 10688K, reserved 315392K
}
Event: 2399.989 GC heap after
{Heap after GC invocations=47 (full 0):
 garbage-first heap   total 304128K, used 125003K [0x00000000e0000000, 0x0000000100000000)
  region size 1024K, 7 young (7168K), 7 survivors (7168K)
 Metaspace       used 77522K, committed 78848K, reserved 389120K
  class space    used 10141K, committed 10688K, reserved 315392K
}
Event: 2400.232 GC heap before
{Heap before GC invocations=47 (full 0):
 garbage-first heap   total 304128K, used 244811K [0x00000000e0000000, 0x0000000100000000)
  region size 1024K, 123 young (125952K), 7 survivors (7168K)
 Metaspace       used 77690K, committed 78848K, reserved 389120K
  class space    used 10151K, committed 10688K, reserved 315392K
}
Event: 2400.240 GC heap after
{Heap after GC invocations=48 (full 0):
 garbage-first heap   total 304128K, used 129239K [0x00000000e0000000, 0x0000000100000000)
  region size 1024K, 10 young (10240K), 10 survivors (10240K)
 Metaspace       used 77690K, committed 78848K, reserved 389120K
  class space    used 10151K, committed 10688K, reserved 315392K
}
Event: 2401.303 GC heap before
{Heap before GC invocations=48 (full 0):
 garbage-first heap   total 304128K, used 248023K [0x00000000e0000000, 0x0000000100000000)
  region size 1024K, 126 young (129024K), 10 survivors (10240K)
 Metaspace       used 82403K, committed 83136K, reserved 389120K
  class space    used 10766K, committed 11136K, reserved 315392K
}
Event: 2401.319 GC heap after
{Heap after GC invocations=49 (full 0):
 garbage-first heap   total 304128K, used 136546K [0x00000000e0000000, 0x0000000100000000)
  region size 1024K, 16 young (16384K), 16 survivors (16384K)
 Metaspace       used 82403K, committed 83136K, reserved 389120K
  class space    used 10766K, committed 11136K, reserved 315392K
}
Event: 2401.488 GC heap before
{Heap before GC invocations=49 (full 0):
 garbage-first heap   total 304128K, used 249186K [0x00000000e0000000, 0x0000000100000000)
  region size 1024K, 126 young (129024K), 16 survivors (16384K)
 Metaspace       used 82438K, committed 83200K, reserved 389120K
  class space    used 10766K, committed 11136K, reserved 315392K
}
Event: 2401.502 GC heap after
{Heap after GC invocations=50 (full 0):
 garbage-first heap   total 304128K, used 136301K [0x00000000e0000000, 0x0000000100000000)
  region size 1024K, 8 young (8192K), 8 survivors (8192K)
 Metaspace       used 82438K, committed 83200K, reserved 389120K
  class space    used 10766K, committed 11136K, reserved 315392K
}
Event: 2401.716 GC heap before
{Heap before GC invocations=50 (full 0):
 garbage-first heap   total 304128K, used 250989K [0x00000000e0000000, 0x0000000100000000)
  region size 1024K, 120 young (122880K), 8 survivors (8192K)
 Metaspace       used 82444K, committed 83200K, reserved 389120K
  class space    used 10766K, committed 11136K, reserved 315392K
}
Event: 2401.721 GC heap after
{Heap after GC invocations=51 (full 0):
 garbage-first heap   total 304128K, used 136301K [0x00000000e0000000, 0x0000000100000000)
  region size 1024K, 8 young (8192K), 8 survivors (8192K)
 Metaspace       used 82444K, committed 83200K, reserved 389120K
  class space    used 10766K, committed 11136K, reserved 315392K
}
Event: 2401.962 GC heap before
{Heap before GC invocations=51 (full 0):
 garbage-first heap   total 304128K, used 253037K [0x00000000e0000000, 0x0000000100000000)
  region size 1024K, 122 young (124928K), 8 survivors (8192K)
 Metaspace       used 82448K, committed 83200K, reserved 389120K
  class space    used 10766K, committed 11136K, reserved 315392K
}
Event: 2401.969 GC heap after
{Heap after GC invocations=52 (full 0):
 garbage-first heap   total 304128K, used 136897K [0x00000000e0000000, 0x0000000100000000)
  region size 1024K, 9 young (9216K), 9 survivors (9216K)
 Metaspace       used 82448K, committed 83200K, reserved 389120K
  class space    used 10766K, committed 11136K, reserved 315392K
}
Event: 2402.507 GC heap before
{Heap before GC invocations=52 (full 0):
 garbage-first heap   total 304128K, used 253633K [0x00000000e0000000, 0x0000000100000000)
  region size 1024K, 123 young (125952K), 9 survivors (9216K)
 Metaspace       used 82609K, committed 83328K, reserved 389120K
  class space    used 10775K, committed 11136K, reserved 315392K
}
Event: 2402.514 GC heap after
{Heap after GC invocations=53 (full 0):
 garbage-first heap   total 304128K, used 137567K [0x00000000e0000000, 0x0000000100000000)
  region size 1024K, 10 young (10240K), 10 survivors (10240K)
 Metaspace       used 82609K, committed 83328K, reserved 389120K
  class space    used 10775K, committed 11136K, reserved 315392K
}
Event: 2405.018 GC heap before
{Heap before GC invocations=53 (full 0):
 garbage-first heap   total 304128K, used 254303K [0x00000000e0000000, 0x0000000100000000)
  region size 1024K, 123 young (125952K), 10 survivors (10240K)
 Metaspace       used 82748K, committed 83456K, reserved 389120K
  class space    used 10775K, committed 11136K, reserved 315392K
}
Event: 2405.032 GC heap after
{Heap after GC invocations=54 (full 0):
 garbage-first heap   total 304128K, used 143602K [0x00000000e0000000, 0x0000000100000000)
  region size 1024K, 12 young (12288K), 12 survivors (12288K)
 Metaspace       used 82748K, committed 83456K, reserved 389120K
  class space    used 10775K, committed 11136K, reserved 315392K
}

